#
# There is insufficient memory for the Java Runtime Environment to continue.
# Native memory allocation (malloc) failed to allocate 38576 bytes for Chunk::new
# Possible reasons:
#   The system is out of physical RAM or swap space
#   In 32 bit mode, the process size limit was hit
# Possible solutions:
#   Reduce memory load on the system
#   Increase physical memory or swap space
#   Check if swap backing store is full
#   Use 64 bit Java on a 64 bit OS
#   Decrease Java heap size (-Xmx/-Xms)
#   Decrease number of Java threads
#   Decrease Java thread stack sizes (-Xss)
#   Set larger code cache with -XX:ReservedCodeCacheSize=
# This output file may be truncated or incomplete.
#
#  Out of Memory Error (allocation.cpp:390), pid=7972, tid=0x0000000000001744
#
# JRE version: Java(TM) SE Runtime Environment (8.0_161-b12) (build 1.8.0_161-b12)
# Java VM: Java HotSpot(TM) 64-Bit Server VM (25.161-b12 mixed mode windows-amd64 compressed oops)
# Failed to write core dump. Minidumps are not enabled by default on client versions of Windows
#

---------------  T H R E A D  ---------------

Current thread (0x0000000015272000):  JavaThread "C2 CompilerThread0" daemon [_thread_in_native, id=5956, stack(0x00000000162c0000,0x00000000163c0000)]

Stack: [0x00000000162c0000,0x00000000163c0000]
[error occurred during error reporting (printing stack bounds), id 0xc0000005]

Native frames: (J=compiled Java code, j=interpreted, Vv=VM code, C=native code)


Current CompileTask:
C2:   6076 1728       4       org.eclipse.emf.ecore.impl.EClassImpl::getEAllStructuralFeatures (220 bytes)


---------------  P R O C E S S  ---------------

Java Threads: ( => current thread )
  0x00000000171e2000 JavaThread "com.google.inject.internal.util.$Finalizer" daemon [_thread_blocked, id=784, stack(0x0000000018590000,0x0000000018690000)]
  0x0000000016fc5800 JavaThread "EMF Reference Cleaner" daemon [_thread_blocked, id=2736, stack(0x0000000018290000,0x0000000018390000)]
  0x00000000152d6000 JavaThread "Service Thread" daemon [_thread_blocked, id=1396, stack(0x00000000164c0000,0x00000000165c0000)]
  0x00000000152d0000 JavaThread "C1 CompilerThread1" daemon [_thread_blocked, id=2800, stack(0x00000000163c0000,0x00000000164c0000)]
=>0x0000000015272000 JavaThread "C2 CompilerThread0" daemon [_thread_in_native, id=5956, stack(0x00000000162c0000,0x00000000163c0000)]
  0x0000000015271000 JavaThread "Attach Listener" daemon [_thread_blocked, id=4020, stack(0x00000000161c0000,0x00000000162c0000)]
  0x0000000015278800 JavaThread "Signal Dispatcher" daemon [_thread_blocked, id=6568, stack(0x00000000160c0000,0x00000000161c0000)]
  0x0000000015258000 JavaThread "Finalizer" daemon [_thread_blocked, id=5580, stack(0x0000000015eb0000,0x0000000015fb0000)]
  0x0000000002ea5800 JavaThread "Reference Handler" daemon [_thread_blocked, id=4564, stack(0x0000000015db0000,0x0000000015eb0000)]
  0x0000000002db7000 JavaThread "main" [_thread_in_native, id=2212, stack(0x0000000002c20000,0x0000000002d20000)]

Other Threads:
  0x0000000015235800 VMThread [stack: 0x0000000015cb0000,0x0000000015db0000] [id=1656]
  0x00000000152f3000 WatcherThread [stack: 0x00000000165c0000,0x00000000166c0000] [id=1620]

VM state:not at safepoint (normal execution)

VM Mutex/Monitor currently owned by a thread: None

Heap:
 PSYoungGen      total 35328K, used 32065K [0x00000000eb200000, 0x00000000ed700000, 0x0000000100000000)
  eden space 32768K, 90% used [0x00000000eb200000,0x00000000eced86f0,0x00000000ed200000)
  from space 2560K, 98% used [0x00000000ed200000,0x00000000ed478010,0x00000000ed480000)
  to   space 2560K, 0% used [0x00000000ed480000,0x00000000ed480000,0x00000000ed700000)
 ParOldGen       total 44032K, used 15711K [0x00000000c1600000, 0x00000000c4100000, 0x00000000eb200000)
  object space 44032K, 35% used [0x00000000c1600000,0x00000000c2557d18,0x00000000c4100000)
 Metaspace       used 15985K, capacity 16152K, committed 16256K, reserved 1062912K
  class space    used 2134K, capacity 2176K, committed 2176K, reserved 1048576K

Card table byte_map: [0x0000000012270000,0x0000000012470000] byte_map_base: 0x0000000011c65000

Marking Bits: (ParMarkBitMap*) 0x000000006107f860
 Begin Bits: [0x00000000127c0000, 0x0000000013768000)
 End Bits:   [0x0000000013768000, 0x0000000014710000)

Polling page: 0x0000000000f20000

CodeCache: size=245760Kb used=5768Kb max_used=5768Kb free=239991Kb
 bounds [0x0000000002eb0000, 0x0000000003460000, 0x0000000011eb0000]
 total_blobs=2090 nmethods=1728 adapters=274
 compilation: enabled

Compilation events (10 events):
Event: 5.931 Thread 0x00000000152d0000 nmethod 1726 0x0000000003450a90 code [0x0000000003450c00, 0x0000000003450e08]
Event: 5.931 Thread 0x0000000015272000 1728       4       org.eclipse.emf.ecore.impl.EClassImpl::getEAllStructuralFeatures (220 bytes)
Event: 6.009 Thread 0x00000000152d0000 1730       1       org.eclipse.xtext.impl.GrammarImpl::getName (5 bytes)
Event: 6.009 Thread 0x00000000152d0000 nmethod 1730 0x00000000034507d0 code [0x0000000003450920, 0x0000000003450a30]
Event: 6.009 Thread 0x00000000152d0000 1731       3       com.google.common.collect.CollectPreconditions::checkEntryNotNull (68 bytes)
Event: 6.010 Thread 0x00000000152d0000 nmethod 1731 0x0000000003452d50 code [0x0000000003452f80, 0x0000000003453928]
Event: 6.010 Thread 0x00000000152d0000 1732       3       org.eclipse.emf.ecore.impl.BasicEObjectImpl::eContainer (95 bytes)
Event: 6.013 Thread 0x00000000152d0000 nmethod 1732 0x0000000003453cd0 code [0x0000000003453f80, 0x0000000003455568]
Event: 6.013 Thread 0x00000000152d0000 1733       3       com.google.common.collect.ImmutableMap$Builder::put (35 bytes)
Event: 6.015 Thread 0x00000000152d0000 nmethod 1733 0x0000000003455c90 code [0x0000000003455ee0, 0x0000000003456d78]

GC Heap History (10 events):
Event: 1.240 GC heap before
{Heap before GC invocations=1 (full 0):
 PSYoungGen      total 18944K, used 16384K [0x00000000eb200000, 0x00000000ec700000, 0x0000000100000000)
  eden space 16384K, 100% used [0x00000000eb200000,0x00000000ec200000,0x00000000ec200000)
  from space 2560K, 0% used [0x00000000ec480000,0x00000000ec480000,0x00000000ec700000)
  to   space 2560K, 0% used [0x00000000ec200000,0x00000000ec200000,0x00000000ec480000)
 ParOldGen       total 44032K, used 0K [0x00000000c1600000, 0x00000000c4100000, 0x00000000eb200000)
  object space 44032K, 0% used [0x00000000c1600000,0x00000000c1600000,0x00000000c4100000)
 Metaspace       used 4453K, capacity 4696K, committed 4992K, reserved 1056768K
  class space    used 482K, capacity 528K, committed 640K, reserved 1048576K
Event: 1.248 GC heap after
Heap after GC invocations=1 (full 0):
 PSYoungGen      total 18944K, used 2547K [0x00000000eb200000, 0x00000000ec700000, 0x0000000100000000)
  eden space 16384K, 0% used [0x00000000eb200000,0x00000000eb200000,0x00000000ec200000)
  from space 2560K, 99% used [0x00000000ec200000,0x00000000ec47ce78,0x00000000ec480000)
  to   space 2560K, 0% used [0x00000000ec480000,0x00000000ec480000,0x00000000ec700000)
 ParOldGen       total 44032K, used 613K [0x00000000c1600000, 0x00000000c4100000, 0x00000000eb200000)
  object space 44032K, 1% used [0x00000000c1600000,0x00000000c16995f0,0x00000000c4100000)
 Metaspace       used 4453K, capacity 4696K, committed 4992K, reserved 1056768K
  class space    used 482K, capacity 528K, committed 640K, reserved 1048576K
}
Event: 1.929 GC heap before
{Heap before GC invocations=2 (full 0):
 PSYoungGen      total 18944K, used 18828K [0x00000000eb200000, 0x00000000ec700000, 0x0000000100000000)
  eden space 16384K, 99% used [0x00000000eb200000,0x00000000ec1e6280,0x00000000ec200000)
  from space 2560K, 99% used [0x00000000ec200000,0x00000000ec47ce78,0x00000000ec480000)
  to   space 2560K, 0% used [0x00000000ec480000,0x00000000ec480000,0x00000000ec700000)
 ParOldGen       total 44032K, used 613K [0x00000000c1600000, 0x00000000c4100000, 0x00000000eb200000)
  object space 44032K, 1% used [0x00000000c1600000,0x00000000c16995f0,0x00000000c4100000)
 Metaspace       used 5612K, capacity 5712K, committed 5888K, reserved 1056768K
  class space    used 636K, capacity 692K, committed 768K, reserved 1048576K
Event: 1.956 GC heap after
Heap after GC invocations=2 (full 0):
 PSYoungGen      total 18944K, used 2543K [0x00000000eb200000, 0x00000000ed700000, 0x0000000100000000)
  eden space 16384K, 0% used [0x00000000eb200000,0x00000000eb200000,0x00000000ec200000)
  from space 2560K, 99% used [0x00000000ec480000,0x00000000ec6fbc20,0x00000000ec700000)
  to   space 2560K, 0% used [0x00000000ec200000,0x00000000ec200000,0x00000000ec480000)
 ParOldGen       total 44032K, used 2820K [0x00000000c1600000, 0x00000000c4100000, 0x00000000eb200000)
  object space 44032K, 6% used [0x00000000c1600000,0x00000000c18c1260,0x00000000c4100000)
 Metaspace       used 5612K, capacity 5712K, committed 5888K, reserved 1056768K
  class space    used 636K, capacity 692K, committed 768K, reserved 1048576K
}
Event: 2.894 GC heap before
{Heap before GC invocations=3 (full 0):
 PSYoungGen      total 18944K, used 18927K [0x00000000eb200000, 0x00000000ed700000, 0x0000000100000000)
  eden space 16384K, 100% used [0x00000000eb200000,0x00000000ec200000,0x00000000ec200000)
  from space 2560K, 99% used [0x00000000ec480000,0x00000000ec6fbc20,0x00000000ec700000)
  to   space 2560K, 0% used [0x00000000ec200000,0x00000000ec200000,0x00000000ec480000)
 ParOldGen       total 44032K, used 2820K [0x00000000c1600000, 0x00000000c4100000, 0x00000000eb200000)
  object space 44032K, 6% used [0x00000000c1600000,0x00000000c18c1260,0x00000000c4100000)
 Metaspace       used 8075K, capacity 8150K, committed 8192K, reserved 1056768K
  class space    used 997K, capacity 1013K, committed 1024K, reserved 1048576K
Event: 2.919 GC heap after
Heap after GC invocations=3 (full 0):
 PSYoungGen      total 18944K, used 2544K [0x00000000eb200000, 0x00000000ed700000, 0x0000000100000000)
  eden space 16384K, 0% used [0x00000000eb200000,0x00000000eb200000,0x00000000ec200000)
  from space 2560K, 99% used [0x00000000ec200000,0x00000000ec47c010,0x00000000ec480000)
  to   space 2560K, 0% used [0x00000000ed480000,0x00000000ed480000,0x00000000ed700000)
 ParOldGen       total 44032K, used 6020K [0x00000000c1600000, 0x00000000c4100000, 0x00000000eb200000)
  object space 44032K, 13% used [0x00000000c1600000,0x00000000c1be1148,0x00000000c4100000)
 Metaspace       used 8075K, capacity 8150K, committed 8192K, reserved 1056768K
  class space    used 997K, capacity 1013K, committed 1024K, reserved 1048576K
}
Event: 3.327 GC heap before
{Heap before GC invocations=4 (full 0):
 PSYoungGen      total 18944K, used 18928K [0x00000000eb200000, 0x00000000ed700000, 0x0000000100000000)
  eden space 16384K, 100% used [0x00000000eb200000,0x00000000ec200000,0x00000000ec200000)
  from space 2560K, 99% used [0x00000000ec200000,0x00000000ec47c010,0x00000000ec480000)
  to   space 2560K, 0% used [0x00000000ed480000,0x00000000ed480000,0x00000000ed700000)
 ParOldGen       total 44032K, used 6020K [0x00000000c1600000, 0x00000000c4100000, 0x00000000eb200000)
  object space 44032K, 13% used [0x00000000c1600000,0x00000000c1be1148,0x00000000c4100000)
 Metaspace       used 9370K, capacity 9462K, committed 9728K, reserved 1058816K
  class space    used 1159K, capacity 1173K, committed 1280K, reserved 1048576K
Event: 3.343 GC heap after
Heap after GC invocations=4 (full 0):
 PSYoungGen      total 35328K, used 2528K [0x00000000eb200000, 0x00000000ed700000, 0x0000000100000000)
  eden space 32768K, 0% used [0x00000000eb200000,0x00000000eb200000,0x00000000ed200000)
  from space 2560K, 98% used [0x00000000ed480000,0x00000000ed6f8030,0x00000000ed700000)
  to   space 2560K, 0% used [0x00000000ed200000,0x00000000ed200000,0x00000000ed480000)
 ParOldGen       total 44032K, used 9680K [0x00000000c1600000, 0x00000000c4100000, 0x00000000eb200000)
  object space 44032K, 21% used [0x00000000c1600000,0x00000000c1f74110,0x00000000c4100000)
 Metaspace       used 9370K, capacity 9462K, committed 9728K, reserved 1058816K
  class space    used 1159K, capacity 1173K, committed 1280K, reserved 1048576K
}
Event: 4.500 GC heap before
{Heap before GC invocations=5 (full 0):
 PSYoungGen      total 35328K, used 35296K [0x00000000eb200000, 0x00000000ed700000, 0x0000000100000000)
  eden space 32768K, 100% used [0x00000000eb200000,0x00000000ed200000,0x00000000ed200000)
  from space 2560K, 98% used [0x00000000ed480000,0x00000000ed6f8030,0x00000000ed700000)
  to   space 2560K, 0% used [0x00000000ed200000,0x00000000ed200000,0x00000000ed480000)
 ParOldGen       total 44032K, used 9680K [0x00000000c1600000, 0x00000000c4100000, 0x00000000eb200000)
  object space 44032K, 21% used [0x00000000c1600000,0x00000000c1f74110,0x00000000c4100000)
 Metaspace       used 11991K, capacity 12090K, committed 12416K, reserved 1060864K
  class space    used 1560K, capacity 1595K, committed 1664K, reserved 1048576K
Event: 4.522 GC heap after
Heap after GC invocations=5 (full 0):
 PSYoungGen      total 35328K, used 2528K [0x00000000eb200000, 0x00000000ed700000, 0x0000000100000000)
  eden space 32768K, 0% used [0x00000000eb200000,0x00000000eb200000,0x00000000ed200000)
  from space 2560K, 98% used [0x00000000ed200000,0x00000000ed478010,0x00000000ed480000)
  to   space 2560K, 0% used [0x00000000ed480000,0x00000000ed480000,0x00000000ed700000)
 ParOldGen       total 44032K, used 15711K [0x00000000c1600000, 0x00000000c4100000, 0x00000000eb200000)
  object space 44032K, 35% used [0x00000000c1600000,0x00000000c2557d18,0x00000000c4100000)
 Metaspace       used 11991K, capacity 12090K, committed 12416K, reserved 1060864K
  class space    used 1560K, capacity 1595K, committed 1664K, reserved 1048576K
}

Deoptimization events (10 events):
Event: 5.526 Thread 0x0000000002db7000 Uncommon trap: reason=unstable_if action=reinterpret pc=0x0000000003220934 method=java.io.WinNTFileSystem.normalize(Ljava/lang/String;II)Ljava/lang/String; @ 8
Event: 5.609 Thread 0x0000000002db7000 Uncommon trap: reason=unstable_if action=reinterpret pc=0x00000000033158a8 method=java.lang.String.regionMatches(ZILjava/lang/String;II)Z @ 123
Event: 5.610 Thread 0x0000000002db7000 Uncommon trap: reason=class_check action=maybe_recompile pc=0x00000000033a616c method=org.eclipse.emf.common.notify.impl.BasicNotifierImpl.eNotificationRequired()Z @ 8
Event: 5.730 Thread 0x0000000002db7000 Uncommon trap: reason=class_check action=maybe_recompile pc=0x00000000033a616c method=org.eclipse.emf.common.notify.impl.BasicNotifierImpl.eNotificationRequired()Z @ 8
Event: 5.778 Thread 0x0000000002db7000 Uncommon trap: reason=class_check action=maybe_recompile pc=0x00000000033a616c method=org.eclipse.emf.common.notify.impl.BasicNotifierImpl.eNotificationRequired()Z @ 8
Event: 5.779 Thread 0x0000000002db7000 Uncommon trap: reason=class_check action=maybe_recompile pc=0x00000000033a616c method=org.eclipse.emf.common.notify.impl.BasicNotifierImpl.eNotificationRequired()Z @ 8
Event: 5.781 Thread 0x0000000002db7000 Uncommon trap: reason=class_check action=maybe_recompile pc=0x0000000003414dcc method=org.eclipse.emf.ecore.impl.MinimalEObjectImpl.eDirectResource()Lorg/eclipse/emf/ecore/resource/Resource$Internal; @ 7
Event: 5.789 Thread 0x0000000002db7000 Uncommon trap: reason=class_check action=maybe_recompile pc=0x0000000003414dcc method=org.eclipse.emf.ecore.impl.MinimalEObjectImpl.eDirectResource()Lorg/eclipse/emf/ecore/resource/Resource$Internal; @ 7
Event: 5.791 Thread 0x0000000002db7000 Uncommon trap: reason=class_check action=maybe_recompile pc=0x0000000003414dcc method=org.eclipse.emf.ecore.impl.MinimalEObjectImpl.eDirectResource()Lorg/eclipse/emf/ecore/resource/Resource$Internal; @ 7
Event: 5.792 Thread 0x0000000002db7000 Uncommon trap: reason=class_check action=maybe_recompile pc=0x0000000003414dcc method=org.eclipse.emf.ecore.impl.MinimalEObjectImpl.eDirectResource()Lorg/eclipse/emf/ecore/resource/Resource$Internal; @ 7

Classes redefined (0 events):
No events

Internal exceptions (10 events):
Event: 3.550 Thread 0x0000000002db7000 Exception <a 'java/lang/ArrayIndexOutOfBoundsException'> (0x00000000eb647d40) thrown at [C:\re\workspace\8-2-build-windows-amd64-cygwin\jdk8u161\10277\hotspot\src\share\vm\runtime\sharedRuntime.cpp, line 605]
Event: 3.658 Thread 0x0000000002db7000 Exception <a 'java/lang/ArrayIndexOutOfBoundsException'> (0x00000000eb7fdda8) thrown at [C:\re\workspace\8-2-build-windows-amd64-cygwin\jdk8u161\10277\hotspot\src\share\vm\runtime\sharedRuntime.cpp, line 605]
Event: 3.662 Thread 0x0000000002db7000 Exception <a 'java/lang/ArrayIndexOutOfBoundsException'> (0x00000000eb81eb00) thrown at [C:\re\workspace\8-2-build-windows-amd64-cygwin\jdk8u161\10277\hotspot\src\share\vm\runtime\sharedRuntime.cpp, line 605]
Event: 3.668 Thread 0x0000000002db7000 Exception <a 'java/lang/ArrayIndexOutOfBoundsException'> (0x00000000eb859780) thrown at [C:\re\workspace\8-2-build-windows-amd64-cygwin\jdk8u161\10277\hotspot\src\share\vm\runtime\sharedRuntime.cpp, line 605]
Event: 3.673 Thread 0x0000000002db7000 Exception <a 'java/lang/ArrayIndexOutOfBoundsException'> (0x00000000eb8754a0) thrown at [C:\re\workspace\8-2-build-windows-amd64-cygwin\jdk8u161\10277\hotspot\src\share\vm\runtime\sharedRuntime.cpp, line 605]
Event: 3.678 Thread 0x0000000002db7000 Exception <a 'java/lang/ArrayIndexOutOfBoundsException'> (0x00000000eb8b5fe8) thrown at [C:\re\workspace\8-2-build-windows-amd64-cygwin\jdk8u161\10277\hotspot\src\share\vm\runtime\sharedRuntime.cpp, line 605]
Event: 3.683 Thread 0x0000000002db7000 Exception <a 'java/lang/ArrayIndexOutOfBoundsException'> (0x00000000eb8c5028) thrown at [C:\re\workspace\8-2-build-windows-amd64-cygwin\jdk8u161\10277\hotspot\src\share\vm\runtime\sharedRuntime.cpp, line 605]
Event: 3.687 Thread 0x0000000002db7000 Exception <a 'java/lang/ArrayIndexOutOfBoundsException'> (0x00000000eb8d6d10) thrown at [C:\re\workspace\8-2-build-windows-amd64-cygwin\jdk8u161\10277\hotspot\src\share\vm\runtime\sharedRuntime.cpp, line 605]
Event: 3.713 Thread 0x0000000002db7000 Exception <a 'java/lang/ArrayIndexOutOfBoundsException'> (0x00000000eb9c8800) thrown at [C:\re\workspace\8-2-build-windows-amd64-cygwin\jdk8u161\10277\hotspot\src\share\vm\runtime\sharedRuntime.cpp, line 605]
Event: 3.716 Thread 0x0000000002db7000 Exception <a 'java/lang/ArrayIndexOutOfBoundsException'> (0x00000000eb9d5f08) thrown at [C:\re\workspace\8-2-build-windows-amd64-cygwin\jdk8u161\10277\hotspot\src\share\vm\runtime\sharedRuntime.cpp, line 605]

Events (10 events):
Event: 6.027 loading class com/google/common/collect/UnmodifiableListIterator
Event: 6.027 loading class com/google/common/collect/UnmodifiableListIterator done
Event: 6.028 loading class com/google/common/collect/ImmutableList$ReverseImmutableList
Event: 6.028 loading class com/google/common/collect/ImmutableList$ReverseImmutableList done
Event: 6.030 loading class com/google/common/collect/ImmutableList$1
Event: 6.030 loading class com/google/common/collect/ImmutableList$1 done
Event: 6.030 loading class com/google/common/collect/AbstractIndexedListIterator
Event: 6.030 loading class com/google/common/collect/AbstractIndexedListIterator done
Event: 6.032 loading class com/google/common/collect/ImmutableList$SubList
Event: 6.032 loading class com/google/common/collect/ImmutableList$SubList done


Dynamic libraries:
0x00007ff7dc2a0000 - 0x00007ff7dc2d7000 	C:\Program Files\Java\jre1.8.0_161\bin\javaw.exe
0x00007ffc75ec0000 - 0x00007ffc7609b000 	C:\Windows\SYSTEM32\ntdll.dll
0x00007ffc73880000 - 0x00007ffc7392e000 	C:\Windows\System32\KERNEL32.DLL
0x00007ffc72fa0000 - 0x00007ffc731e9000 	C:\Windows\System32\KERNELBASE.dll
0x00007ffc75cc0000 - 0x00007ffc75d61000 	C:\Windows\System32\ADVAPI32.dll
0x00007ffc73b60000 - 0x00007ffc73bfd000 	C:\Windows\System32\msvcrt.dll
0x00007ffc73810000 - 0x00007ffc73869000 	C:\Windows\System32\sechost.dll
0x00007ffc736e0000 - 0x00007ffc73805000 	C:\Windows\System32\RPCRT4.dll
0x00007ffc73480000 - 0x00007ffc735ca000 	C:\Windows\System32\USER32.dll
0x00007ffc731f0000 - 0x00007ffc7320e000 	C:\Windows\System32\win32u.dll
0x00007ffc739b0000 - 0x00007ffc739d7000 	C:\Windows\System32\GDI32.dll
0x00007ffc72b90000 - 0x00007ffc72d17000 	C:\Windows\System32\gdi32full.dll
0x00007ffc73210000 - 0x00007ffc732aa000 	C:\Windows\System32\msvcp_win.dll
0x00007ffc73320000 - 0x00007ffc73416000 	C:\Windows\System32\ucrtbase.dll
0x00007ffc668c0000 - 0x00007ffc66b27000 	C:\Windows\WinSxS\amd64_microsoft.windows.common-controls_6595b64144ccf1df_6.0.15063.1058_none_40c74ded29a7bebd\COMCTL32.dll
0x00007ffc73d40000 - 0x00007ffc74039000 	C:\Windows\System32\combase.dll
0x00007ffc732b0000 - 0x00007ffc7331a000 	C:\Windows\System32\bcryptPrimitives.dll
0x00007ffc73c00000 - 0x00007ffc73c2d000 	C:\Windows\System32\IMM32.DLL
0x0000000061370000 - 0x0000000061442000 	C:\Program Files\Java\jre1.8.0_161\bin\msvcr100.dll
0x0000000060860000 - 0x00000000610ff000 	C:\Program Files\Java\jre1.8.0_161\bin\server\jvm.dll
0x00007ffc739e0000 - 0x00007ffc739e8000 	C:\Windows\System32\PSAPI.DLL
0x00007ffc6e210000 - 0x00007ffc6e219000 	C:\Windows\SYSTEM32\WSOCK32.dll
0x00007ffc74260000 - 0x00007ffc742cc000 	C:\Windows\System32\WS2_32.dll
0x00007ffc70940000 - 0x00007ffc70963000 	C:\Windows\SYSTEM32\WINMM.dll
0x00007ffc61920000 - 0x00007ffc6192a000 	C:\Windows\SYSTEM32\VERSION.dll
0x00007ffc708e0000 - 0x00007ffc7090b000 	C:\Windows\SYSTEM32\WINMMBASE.dll
0x00007ffc72d20000 - 0x00007ffc72d69000 	C:\Windows\System32\cfgmgr32.dll
0x0000000060770000 - 0x000000006077f000 	C:\Program Files\Java\jre1.8.0_161\bin\verify.dll
0x0000000060740000 - 0x0000000060769000 	C:\Program Files\Java\jre1.8.0_161\bin\java.dll
0x0000000060720000 - 0x0000000060736000 	C:\Program Files\Java\jre1.8.0_161\bin\zip.dll
0x00007ffc74440000 - 0x00007ffc75878000 	C:\Windows\System32\SHELL32.dll
0x00007ffc742d0000 - 0x00007ffc7437a000 	C:\Windows\System32\shcore.dll
0x00007ffc72490000 - 0x00007ffc72b81000 	C:\Windows\System32\windows.storage.dll
0x00007ffc74060000 - 0x00007ffc740b1000 	C:\Windows\System32\shlwapi.dll
0x00007ffc72370000 - 0x00007ffc72381000 	C:\Windows\System32\kernel.appcore.dll
0x00007ffc72390000 - 0x00007ffc723dc000 	C:\Windows\System32\powrprof.dll
0x00007ffc72330000 - 0x00007ffc72345000 	C:\Windows\System32\profapi.dll

VM Arguments:
jvm_args: -Duser.language=es_AR -Dfile.encoding=UTF-8 
java_command: org.uqbar.project.wollok.launch.WollokLauncher -r -dd -requestsPort 0 -eventsPort 0 -dynamicDiagramPort 49699 -folder -wf src/example.wlk
java_class_path (initial): E:\UTN\PARADIGMAS\objeto\wollok-win32.win32.x86_64 (1)\workspace\Test\bin;E:\UTN\PARADIGMAS\objeto\wollok-win32.win32.x86_64 (1)\plugins\com.ibm.icu_56.1.0.v201601250100.jar;E:\UTN\PARADIGMAS\objeto\wollok-win32.win32.x86_64 (1)\plugins\org.eclipse.xtext_2.11.0.v20170130-0808.jar;E:\UTN\PARADIGMAS\objeto\wollok-win32.win32.x86_64 (1)\plugins\org.eclipse.emf.ecore.xmi_2.12.0.v20160420-0247.jar;E:\UTN\PARADIGMAS\objeto\wollok-win32.win32.x86_64 (1)\plugins\org.eclipse.emf.ecore_2.12.0.v20160420-0247.jar;E:\UTN\PARADIGMAS\objeto\wollok-win32.win32.x86_64 (1)\plugins\org.eclipse.emf.common_2.12.0.v20160420-0247.jar;E:\UTN\PARADIGMAS\objeto\wollok-win32.win32.x86_64 (1)\plugins\org.antlr.runtime_3.2.0.v201101311130.jar;E:\UTN\PARADIGMAS\objeto\wollok-win32.win32.x86_64 (1)\plugins\com.google.inject_3.0.0.v201605172100.jar;E:\UTN\PARADIGMAS\objeto\wollok-win32.win32.x86_64 (1)\plugins\org.eclipse.emf.mwe.core_1.4.0.jar;E:\UTN\PARADIGMAS\objeto\wollok-win32.win32.x86_64 (1)\plugins\org.apache.commons.cli_1.2.0.v201404270220.jar;E:\UTN\PARADIGMAS\objeto\wollok-win32.win32.x86_64 (1)\plugins\org.eclipse.emf.mwe2.runtime_2.10.0.jar;E:\UTN\PARADIGMAS\objeto\wollok-win32.win32.x86_64 (1)\plugins\org.eclipse.emf.mwe.utils_1.4.0.jar;E:\UTN\PARADIGMAS\objeto\wollok-win32.win32.x86_64 (1)\plugins\org.eclipse.xtext.util_2.11.0.v20170130-0808.jar;E:\UTN\PARADIGMAS\objeto\wollok-win32.win32.x86_64 (1)\plugins\com.google.guava_15.0.0.v201403281430.jar;E:\UTN\PARADIGMAS\objeto\wollok-win32.win32.x86_64 (1)\plugins\javax.inject_1.0.0.v20091030.jar;E:\UTN\PARADIGMAS\objeto\wollok-win32.win32.x86_64 (1)\plugins\org.eclipse.xtext.generator_2.11.0.v20170131-1210.jar;E:\UTN\PARADIGMAS\objeto\wollok-win32.win32.x86_64 (1)\plugins\org.eclipse.xtext.xtext.generator_2.11.0.v20170130-0808.jar;E:\UTN\PARADIGMAS\objeto\wollok-win32.win32.x86_64 (1)\plugins\org.eclipse.xtext.xbase.lib_2.11.0.v20170124-1424.jar;E:\UTN\PARADIGMAS\objeto\wollok-win32.win32.x86_64 (1)\plugins
Launcher Type: SUN_STANDARD

Environment Variables:
PATH=C:/Program Files/Java/jre1.8.0_161/bin/server;C:/Program Files/Java/jre1.8.0_161/bin;C:/Program Files/Java/jre1.8.0_161/lib/amd64;C:\Program Files\Haskell\bin;D:\haskell\8.2.2\lib\extralibs\bin;D:\haskell\8.2.2\bin;C:\ProgramData\Oracle\Java\javapath;C:\Program Files (x86)\Intel\TXE Components\TCS\;C:\Program Files\Intel\TXE Components\TCS\;C:\Windows\system32;C:\Windows;C:\Windows\System32\Wbem;C:\Windows\System32\WindowsPowerShell\v1.0\;C:\Program Files\Intel\TXE Components\DAL\;C:\Program Files (x86)\Intel\TXE Components\DAL\;C:\Program Files\Intel\TXE Components\IPT\;C:\Program Files (x86)\Intel\TXE Components\IPT\;C:\Program Files\Intel\WiFi\bin\;C:\Program Files\Common Files\Intel\WirelessCommon\;C:\Program Files (x86)\Common Files\Intel Education\Application Support;C:\Program Files\Common Files\Intel Education\Application Support;C:\Program Files (x86)\Avogadro\bin;C:\Program Files\Calibre2\;D:\haskell\8.2.2\mingw\bin;C:\Users\Alumno\AppData\Roaming\cabal\bin;D:\haskell\bin;D:\Nueva carpeta\minghc-7.10.2-x86_64\switch;D:\Nueva carpeta\minghc-7.10.2-x86_64\git-2.4.5.1\cmd;D:\Nueva carpeta\minghc-7.10.2-x86_64\git-2.4.5.1\usr\bin;D:\Nueva carpeta\minghc-7.10.2-x86_64\ghc-7.10.2\mingw\bin;D:\Nueva carpeta\minghc-7.10.2-x86_64\ghc-7.10.2\bin;D:\Nueva carpeta\minghc-7.10.2-x86_64\bin;D:\HASKELL\8.2.2\temp\Nueva carpeta\bin;C:\Users\Alumno\AppData\Local\Programs\Python\Python36\Scripts\;C:\Users\Alumno\AppData\Local\Programs\Python\Python36\;C:\Users\Alumno\AppData\Local\Microsoft\WindowsApps;E:\UTN\PARADIGMAS\objeto\wollok-win32.win32.x86_64 (1);
USERNAME=Alumno
OS=Windows_NT
PROCESSOR_IDENTIFIER=Intel64 Family 6 Model 76 Stepping 4, GenuineIntel



---------------  S Y S T E M  ---------------

OS: Windows 10.0 , 64 bit Build 15063 (10.0.15063.1058)

CPU:total 2 (initial active 2) (2 cores per cpu, 1 threads per core) family 6 model 76 stepping 4, cmov, cx8, fxsr, mmx, sse, sse2, sse3, ssse3, sse4.1, sse4.2, popcnt, aes, clmul, erms, 3dnowpref, tsc, tscinvbit

Memory: 4k page, physical 4096636k(1108028k free), swap 6320260k(3472k free)

vm_info: Java HotSpot(TM) 64-Bit Server VM (25.161-b12) for windows-amd64 JRE (1.8.0_161-b12), built on Dec 19 2017 17:52:25 by "java_re" with MS VC++ 10.0 (VS2010)

time: Tue Apr 09 18:42:36 2019
elapsed time: 6 seconds (0d 0h 0m 6s)

